\BOOKMARK [0][-]{chapter.1}{\376\377\0001\000\040\330\076\335\340\000\040\000S\000T\000M\0003\0002\000\040\000D\000r\000i\000v\000e\000r\000\040\000D\000e\000v\000e\000l\000o\000p\000m\000e\000n\000t\000\040}{}% 1
\BOOKMARK [1][-]{section.1.1}{\376\377\0001\000.\0001\000\040\330\075\334\302\000\040\000R\000e\000p\000o\000s\000i\000t\000o\000r\000y\000\040\000S\000t\000r\000u\000c\000t\000u\000r\000e}{chapter.1}% 2
\BOOKMARK [1][-]{section.1.2}{\376\377\0001\000.\0002\000\040\046\231\376\017\000\040\000H\000a\000r\000d\000w\000a\000r\000e\000\040\000U\000s\000e\000d}{chapter.1}% 3
\BOOKMARK [1][-]{section.1.3}{\376\377\0001\000.\0003\000\040\330\075\334\273\000\040\000D\000e\000v\000e\000l\000o\000p\000m\000e\000n\000t\000\040\000A\000p\000p\000r\000o\000a\000c\000h}{chapter.1}% 4
\BOOKMARK [1][-]{section.1.4}{\376\377\0001\000.\0004\000\040\330\076\335\351\000\040\000C\000o\000n\000c\000e\000p\000t\000s\000\040\000C\000o\000v\000e\000r\000e\000d\000\040\000S\000o\000\040\000F\000a\000r}{chapter.1}% 5
\BOOKMARK [1][-]{section.1.5}{\376\377\0001\000.\0005\000\040\330\075\336\200\000\040\000U\000p\000c\000o\000m\000i\000n\000g\000\040\000M\000o\000d\000u\000l\000e\000s}{chapter.1}% 6
\BOOKMARK [1][-]{section.1.6}{\376\377\0001\000.\0006\000\040\330\076\335\340\000\040\000L\000e\000a\000r\000n\000i\000n\000g\000\040\000O\000b\000j\000e\000c\000t\000i\000v\000e}{chapter.1}% 7
\BOOKMARK [1][-]{section.1.7}{\376\377\0001\000.\0007\000\040\330\076\335\321\040\015\330\075\334\273\000\040\000A\000u\000t\000h\000o\000r}{chapter.1}% 8
\BOOKMARK [1][-]{section.1.8}{\376\377\0001\000.\0008\000\040\330\075\334\334\000\040\000L\000i\000c\000e\000n\000s\000e}{chapter.1}% 9
\BOOKMARK [2][-]{subsection.1.8.1}{\376\377\0001\000.\0008\000.\0001\000\040\053\120\000\040\000I\000f\000\040\000y\000o\000u\000\040\000f\000i\000n\000d\000\040\000t\000h\000i\000s\000\040\000r\000e\000p\000o\000s\000i\000t\000o\000r\000y\000\040\000h\000e\000l\000p\000f\000u\000l\000,\000\040\000d\000o\000n\040\031\000t\000\040\000f\000o\000r\000g\000e\000t\000\040\000t\000o\000\040\000s\000t\000a\000r\000\040\000i\000t\000\040\000o\000n\000\040\000G\000i\000t\000H\000u\000b\000!}{section.1.8}% 10
\BOOKMARK [0][-]{chapter.2}{\376\377\0002\000\040\000T\000o\000p\000i\000c\000\040\000I\000n\000d\000e\000x}{}% 11
\BOOKMARK [1][-]{section.2.1}{\376\377\0002\000.\0001\000\040\000T\000o\000p\000i\000c\000s}{chapter.2}% 12
\BOOKMARK [0][-]{chapter.3}{\376\377\0003\000\040\000D\000i\000r\000e\000c\000t\000o\000r\000y\000\040\000H\000i\000e\000r\000a\000r\000c\000h\000y}{}% 13
\BOOKMARK [1][-]{section.3.1}{\376\377\0003\000.\0001\000\040\000D\000i\000r\000e\000c\000t\000o\000r\000i\000e\000s}{chapter.3}% 14
\BOOKMARK [0][-]{chapter.4}{\376\377\0004\000\040\000F\000i\000l\000e\000\040\000I\000n\000d\000e\000x}{}% 15
\BOOKMARK [1][-]{section.4.1}{\376\377\0004\000.\0001\000\040\000F\000i\000l\000e\000\040\000L\000i\000s\000t}{chapter.4}% 16
\BOOKMARK [0][-]{chapter.5}{\376\377\0005\000\040\000T\000o\000p\000i\000c\000\040\000D\000o\000c\000u\000m\000e\000n\000t\000a\000t\000i\000o\000n}{}% 17
\BOOKMARK [1][-]{section.5.1}{\376\377\0005\000.\0001\000\040\000M\000e\000m\000o\000r\000y\000\040\000S\000e\000g\000m\000e\000n\000t\000a\000t\000i\000o\000n\000\040}{chapter.5}% 18
\BOOKMARK [2][-]{subsection.5.1.1}{\376\377\0005\000.\0001\000.\0001\000\040\000D\000e\000t\000a\000i\000l\000e\000d\000\040\000D\000e\000s\000c\000r\000i\000p\000t\000i\000o\000n}{section.5.1}% 19
\BOOKMARK [2][-]{subsection.5.1.2}{\376\377\0005\000.\0001\000.\0002\000\040\000M\000a\000c\000r\000o\000\040\000D\000e\000f\000i\000n\000i\000t\000i\000o\000n\000\040\000D\000o\000c\000u\000m\000e\000n\000t\000a\000t\000i\000o\000n}{section.5.1}% 20
\BOOKMARK [3][-]{subsubsection.5.1.2.1}{\376\377\0005\000.\0001\000.\0002\000.\0001\000\040\000A\000H\000B\0001\000\137\000P\000E\000R\000I\000P\000H\000E\000R\000A\000L\000\137\000B\000A\000S\000E\000A\000D\000D\000R}{subsection.5.1.2}% 21
\BOOKMARK [3][-]{subsubsection.5.1.2.2}{\376\377\0005\000.\0001\000.\0002\000.\0002\000\040\000A\000H\000B\0002\000\137\000P\000E\000R\000I\000P\000H\000E\000R\000A\000L\000\137\000B\000A\000S\000E\000A\000D\000D\000R}{subsection.5.1.2}% 22
\BOOKMARK [3][-]{subsubsection.5.1.2.3}{\376\377\0005\000.\0001\000.\0002\000.\0003\000\040\000A\000P\000B\0001\000\137\000P\000E\000R\000I\000P\000H\000E\000R\000A\000L\000\137\000B\000A\000S\000E\000A\000D\000D\000R}{subsection.5.1.2}% 23
\BOOKMARK [3][-]{subsubsection.5.1.2.4}{\376\377\0005\000.\0001\000.\0002\000.\0004\000\040\000A\000P\000B\0002\000\137\000P\000E\000R\000I\000P\000H\000E\000R\000A\000L\000\137\000B\000A\000S\000E\000A\000D\000D\000R}{subsection.5.1.2}% 24
\BOOKMARK [3][-]{subsubsection.5.1.2.5}{\376\377\0005\000.\0001\000.\0002\000.\0005\000\040\000F\000L\000A\000S\000H\000\137\000B\000A\000S\000E\000A\000D\000D\000R}{subsection.5.1.2}% 25
\BOOKMARK [3][-]{subsubsection.5.1.2.6}{\376\377\0005\000.\0001\000.\0002\000.\0006\000\040\000P\000E\000R\000I\000P\000H\000E\000R\000A\000L\000\137\000B\000A\000S\000E\000A\000D\000D\000R}{subsection.5.1.2}% 26
\BOOKMARK [3][-]{subsubsection.5.1.2.7}{\376\377\0005\000.\0001\000.\0002\000.\0007\000\040\000R\000O\000M\000\137\000B\000A\000S\000E\000A\000D\000D\000R}{subsection.5.1.2}% 27
\BOOKMARK [3][-]{subsubsection.5.1.2.8}{\376\377\0005\000.\0001\000.\0002\000.\0008\000\040\000S\000R\000A\000M}{subsection.5.1.2}% 28
\BOOKMARK [3][-]{subsubsection.5.1.2.9}{\376\377\0005\000.\0001\000.\0002\000.\0009\000\040\000S\000R\000A\000M\0001\000\137\000B\000A\000S\000E\000A\000D\000D\000R}{subsection.5.1.2}% 29
\BOOKMARK [3][-]{subsubsection.5.1.2.10}{\376\377\0005\000.\0001\000.\0002\000.\0001\0000\000\040\000S\000R\000A\000M\0002\000\137\000B\000A\000S\000E\000A\000D\000D\000R}{subsection.5.1.2}% 30
\BOOKMARK [3][-]{subsubsection.5.1.2.11}{\376\377\0005\000.\0001\000.\0002\000.\0001\0001\000\040\000S\000R\000A\000M\0003\000\137\000B\000A\000S\000E\000A\000D\000D\000R}{subsection.5.1.2}% 31
\BOOKMARK [1][-]{section.5.2}{\376\377\0005\000.\0002\000\040\000A\000H\000B\0001\000\040\000B\000u\000s\000\040\000P\000e\000r\000i\000p\000h\000e\000r\000a\000l\000\040\000B\000a\000s\000e\000\040\000A\000d\000d\000r\000e\000s\000s\000e\000s\000\040}{chapter.5}% 32
\BOOKMARK [2][-]{subsection.5.2.1}{\376\377\0005\000.\0002\000.\0001\000\040\000D\000e\000t\000a\000i\000l\000e\000d\000\040\000D\000e\000s\000c\000r\000i\000p\000t\000i\000o\000n}{section.5.2}% 33
\BOOKMARK [2][-]{subsection.5.2.2}{\376\377\0005\000.\0002\000.\0002\000\040\000M\000a\000c\000r\000o\000\040\000D\000e\000f\000i\000n\000i\000t\000i\000o\000n\000\040\000D\000o\000c\000u\000m\000e\000n\000t\000a\000t\000i\000o\000n}{section.5.2}% 34
\BOOKMARK [3][-]{subsubsection.5.2.2.1}{\376\377\0005\000.\0002\000.\0002\000.\0001\000\040\000B\000K\000P\000S\000R\000A\000M\000\137\000B\000A\000S\000E\000A\000D\000D\000R}{subsection.5.2.2}% 35
\BOOKMARK [3][-]{subsubsection.5.2.2.2}{\376\377\0005\000.\0002\000.\0002\000.\0002\000\040\000C\000R\000C\000\137\000B\000A\000S\000E\000A\000D\000D\000R}{subsection.5.2.2}% 36
\BOOKMARK [3][-]{subsubsection.5.2.2.3}{\376\377\0005\000.\0002\000.\0002\000.\0003\000\040\000D\000M\000A\0001\000\137\000B\000A\000S\000E\000A\000D\000D\000R}{subsection.5.2.2}% 37
\BOOKMARK [3][-]{subsubsection.5.2.2.4}{\376\377\0005\000.\0002\000.\0002\000.\0004\000\040\000D\000M\000A\0002\000\137\000B\000A\000S\000E\000A\000D\000D\000R}{subsection.5.2.2}% 38
\BOOKMARK [3][-]{subsubsection.5.2.2.5}{\376\377\0005\000.\0002\000.\0002\000.\0005\000\040\000D\000M\000A\0002\000D\000\137\000B\000A\000S\000E\000A\000D\000D\000R}{subsection.5.2.2}% 39
\BOOKMARK [3][-]{subsubsection.5.2.2.6}{\376\377\0005\000.\0002\000.\0002\000.\0006\000\040\000E\000T\000H\000E\000R\000N\000E\000T\000\137\000M\000A\000C\000\137\000B\000A\000S\000E\000A\000D\000D\000R}{subsection.5.2.2}% 40
\BOOKMARK [3][-]{subsubsection.5.2.2.7}{\376\377\0005\000.\0002\000.\0002\000.\0007\000\040\000F\000L\000A\000S\000H\000\137\000I\000F\000\137\000R\000E\000G\000\137\000B\000A\000S\000E\000A\000D\000D\000R}{subsection.5.2.2}% 41
\BOOKMARK [3][-]{subsubsection.5.2.2.8}{\376\377\0005\000.\0002\000.\0002\000.\0008\000\040\000G\000P\000I\000O\000A\000\137\000B\000A\000S\000E\000A\000D\000D\000R}{subsection.5.2.2}% 42
\BOOKMARK [3][-]{subsubsection.5.2.2.9}{\376\377\0005\000.\0002\000.\0002\000.\0009\000\040\000G\000P\000I\000O\000B\000\137\000B\000A\000S\000E\000A\000D\000D\000R}{subsection.5.2.2}% 43
\BOOKMARK [3][-]{subsubsection.5.2.2.10}{\376\377\0005\000.\0002\000.\0002\000.\0001\0000\000\040\000G\000P\000I\000O\000C\000\137\000B\000A\000S\000E\000A\000D\000D\000R}{subsection.5.2.2}% 44
\BOOKMARK [3][-]{subsubsection.5.2.2.11}{\376\377\0005\000.\0002\000.\0002\000.\0001\0001\000\040\000G\000P\000I\000O\000D\000\137\000B\000A\000S\000E\000A\000D\000D\000R}{subsection.5.2.2}% 45
\BOOKMARK [3][-]{subsubsection.5.2.2.12}{\376\377\0005\000.\0002\000.\0002\000.\0001\0002\000\040\000G\000P\000I\000O\000E\000\137\000B\000A\000S\000E\000A\000D\000D\000R}{subsection.5.2.2}% 46
\BOOKMARK [3][-]{subsubsection.5.2.2.13}{\376\377\0005\000.\0002\000.\0002\000.\0001\0003\000\040\000G\000P\000I\000O\000F\000\137\000B\000A\000S\000E\000A\000D\000D\000R}{subsection.5.2.2}% 47
\BOOKMARK [3][-]{subsubsection.5.2.2.14}{\376\377\0005\000.\0002\000.\0002\000.\0001\0004\000\040\000G\000P\000I\000O\000G\000\137\000B\000A\000S\000E\000A\000D\000D\000R}{subsection.5.2.2}% 48
\BOOKMARK [3][-]{subsubsection.5.2.2.15}{\376\377\0005\000.\0002\000.\0002\000.\0001\0005\000\040\000G\000P\000I\000O\000H\000\137\000B\000A\000S\000E\000A\000D\000D\000R}{subsection.5.2.2}% 49
\BOOKMARK [3][-]{subsubsection.5.2.2.16}{\376\377\0005\000.\0002\000.\0002\000.\0001\0006\000\040\000G\000P\000I\000O\000I\000\137\000B\000A\000S\000E\000A\000D\000D\000R}{subsection.5.2.2}% 50
\BOOKMARK [3][-]{subsubsection.5.2.2.17}{\376\377\0005\000.\0002\000.\0002\000.\0001\0007\000\040\000G\000P\000I\000O\000J\000\137\000B\000A\000S\000E\000A\000D\000D\000R}{subsection.5.2.2}% 51
\BOOKMARK [3][-]{subsubsection.5.2.2.18}{\376\377\0005\000.\0002\000.\0002\000.\0001\0008\000\040\000G\000P\000I\000O\000K\000\137\000B\000A\000S\000E\000A\000D\000D\000R}{subsection.5.2.2}% 52
\BOOKMARK [3][-]{subsubsection.5.2.2.19}{\376\377\0005\000.\0002\000.\0002\000.\0001\0009\000\040\000R\000C\000C\000\137\000B\000A\000S\000E\000A\000D\000D\000R}{subsection.5.2.2}% 53
\BOOKMARK [3][-]{subsubsection.5.2.2.20}{\376\377\0005\000.\0002\000.\0002\000.\0002\0000\000\040\000U\000S\000B\000\137\000O\000T\000G\000\137\000H\000S\000\137\000B\000A\000S\000E\000A\000D\000D\000R}{subsection.5.2.2}% 54
\BOOKMARK [1][-]{section.5.3}{\376\377\0005\000.\0003\000\040\000A\000H\000B\0002\000\040\000B\000u\000s\000\040\000P\000e\000r\000i\000p\000h\000e\000r\000a\000l\000\040\000B\000a\000s\000e\000\040\000A\000d\000d\000r\000e\000s\000s\000e\000s\000\040}{chapter.5}% 55
\BOOKMARK [2][-]{subsection.5.3.1}{\376\377\0005\000.\0003\000.\0001\000\040\000D\000e\000t\000a\000i\000l\000e\000d\000\040\000D\000e\000s\000c\000r\000i\000p\000t\000i\000o\000n}{section.5.3}% 56
\BOOKMARK [2][-]{subsection.5.3.2}{\376\377\0005\000.\0003\000.\0002\000\040\000M\000a\000c\000r\000o\000\040\000D\000e\000f\000i\000n\000i\000t\000i\000o\000n\000\040\000D\000o\000c\000u\000m\000e\000n\000t\000a\000t\000i\000o\000n}{section.5.3}% 57
\BOOKMARK [3][-]{subsubsection.5.3.2.1}{\376\377\0005\000.\0003\000.\0002\000.\0001\000\040\000C\000R\000Y\000P\000\137\000B\000A\000S\000E\000A\000D\000D\000R}{subsection.5.3.2}% 58
\BOOKMARK [3][-]{subsubsection.5.3.2.2}{\376\377\0005\000.\0003\000.\0002\000.\0002\000\040\000D\000C\000M\000I\000\137\000B\000A\000S\000E\000A\000D\000D\000R}{subsection.5.3.2}% 59
\BOOKMARK [3][-]{subsubsection.5.3.2.3}{\376\377\0005\000.\0003\000.\0002\000.\0003\000\040\000F\000S\000M\000C\000\137\000C\000R\000\137\000B\000A\000S\000E\000A\000D\000D\000R}{subsection.5.3.2}% 60
\BOOKMARK [3][-]{subsubsection.5.3.2.4}{\376\377\0005\000.\0003\000.\0002\000.\0004\000\040\000H\000A\000S\000H\000\137\000B\000A\000S\000E\000A\000D\000D\000R}{subsection.5.3.2}% 61
\BOOKMARK [3][-]{subsubsection.5.3.2.5}{\376\377\0005\000.\0003\000.\0002\000.\0005\000\040\000R\000N\000G\000\137\000B\000A\000S\000E\000A\000D\000D\000R}{subsection.5.3.2}% 62
\BOOKMARK [3][-]{subsubsection.5.3.2.6}{\376\377\0005\000.\0003\000.\0002\000.\0006\000\040\000U\000S\000B\000\137\000O\000T\000G\000\137\000F\000S\000\137\000B\000A\000S\000E\000A\000D\000D\000R}{subsection.5.3.2}% 63
\BOOKMARK [1][-]{section.5.4}{\376\377\0005\000.\0004\000\040\000A\000P\000B\0001\000\040\000B\000u\000s\000\040\000P\000e\000r\000i\000p\000h\000e\000r\000a\000l\000\040\000B\000a\000s\000e\000\040\000A\000d\000d\000r\000e\000s\000s\000e\000s\000\040}{chapter.5}% 64
\BOOKMARK [2][-]{subsection.5.4.1}{\376\377\0005\000.\0004\000.\0001\000\040\000D\000e\000t\000a\000i\000l\000e\000d\000\040\000D\000e\000s\000c\000r\000i\000p\000t\000i\000o\000n}{section.5.4}% 65
\BOOKMARK [2][-]{subsection.5.4.2}{\376\377\0005\000.\0004\000.\0002\000\040\000M\000a\000c\000r\000o\000\040\000D\000e\000f\000i\000n\000i\000t\000i\000o\000n\000\040\000D\000o\000c\000u\000m\000e\000n\000t\000a\000t\000i\000o\000n}{section.5.4}% 66
\BOOKMARK [3][-]{subsubsection.5.4.2.1}{\376\377\0005\000.\0004\000.\0002\000.\0001\000\040\000C\000A\000N\0001\000\137\000B\000A\000S\000E\000A\000D\000D\000R}{subsection.5.4.2}% 67
\BOOKMARK [3][-]{subsubsection.5.4.2.2}{\376\377\0005\000.\0004\000.\0002\000.\0002\000\040\000C\000A\000N\0002\000\137\000B\000A\000S\000E\000A\000D\000D\000R}{subsection.5.4.2}% 68
\BOOKMARK [3][-]{subsubsection.5.4.2.3}{\376\377\0005\000.\0004\000.\0002\000.\0003\000\040\000D\000A\000C\000\137\000B\000A\000S\000E\000A\000D\000D\000R}{subsection.5.4.2}% 69
\BOOKMARK [3][-]{subsubsection.5.4.2.4}{\376\377\0005\000.\0004\000.\0002\000.\0004\000\040\000I\0002\000C\0001\000\137\000B\000A\000S\000E\000A\000D\000D\000R}{subsection.5.4.2}% 70
\BOOKMARK [3][-]{subsubsection.5.4.2.5}{\376\377\0005\000.\0004\000.\0002\000.\0005\000\040\000I\0002\000C\0002\000\137\000B\000A\000S\000E\000A\000D\000D\000R}{subsection.5.4.2}% 71
\BOOKMARK [3][-]{subsubsection.5.4.2.6}{\376\377\0005\000.\0004\000.\0002\000.\0006\000\040\000I\0002\000C\0003\000\137\000B\000A\000S\000E\000A\000D\000D\000R}{subsection.5.4.2}% 72
\BOOKMARK [3][-]{subsubsection.5.4.2.7}{\376\377\0005\000.\0004\000.\0002\000.\0007\000\040\000I\0002\000S\0002\000e\000x\000t\000\137\000B\000A\000S\000E\000A\000D\000D\000R}{subsection.5.4.2}% 73
\BOOKMARK [3][-]{subsubsection.5.4.2.8}{\376\377\0005\000.\0004\000.\0002\000.\0008\000\040\000I\0002\000S\0003\000e\000x\000t\000\137\000B\000A\000S\000E\000A\000D\000D\000R}{subsection.5.4.2}% 74
\BOOKMARK [3][-]{subsubsection.5.4.2.9}{\376\377\0005\000.\0004\000.\0002\000.\0009\000\040\000I\000W\000D\000G\000\137\000B\000A\000S\000E\000A\000D\000D\000R}{subsection.5.4.2}% 75
\BOOKMARK [3][-]{subsubsection.5.4.2.10}{\376\377\0005\000.\0004\000.\0002\000.\0001\0000\000\040\000P\000W\000R\000\137\000B\000A\000S\000E\000A\000D\000D\000R}{subsection.5.4.2}% 76
\BOOKMARK [3][-]{subsubsection.5.4.2.11}{\376\377\0005\000.\0004\000.\0002\000.\0001\0001\000\040\000R\000T\000C\000\137\000B\000K\000P\000\137\000R\000E\000G\000\137\000B\000A\000S\000E\000A\000D\000D\000R}{subsection.5.4.2}% 77
\BOOKMARK [3][-]{subsubsection.5.4.2.12}{\376\377\0005\000.\0004\000.\0002\000.\0001\0002\000\040\000S\000P\000I\0002\000\137\000I\0002\000S\0002\000\137\000B\000A\000S\000E\000A\000D\000D\000R}{subsection.5.4.2}% 78
\BOOKMARK [3][-]{subsubsection.5.4.2.13}{\376\377\0005\000.\0004\000.\0002\000.\0001\0003\000\040\000S\000P\000I\0003\000\137\000I\0002\000S\0003\000\137\000B\000A\000S\000E\000A\000D\000D\000R}{subsection.5.4.2}% 79
\BOOKMARK [3][-]{subsubsection.5.4.2.14}{\376\377\0005\000.\0004\000.\0002\000.\0001\0004\000\040\000T\000I\000M\0001\0002\000\137\000B\000A\000S\000E\000A\000D\000D\000R}{subsection.5.4.2}% 80
\BOOKMARK [3][-]{subsubsection.5.4.2.15}{\376\377\0005\000.\0004\000.\0002\000.\0001\0005\000\040\000T\000I\000M\0001\0003\000\137\000B\000A\000S\000E\000A\000D\000D\000R}{subsection.5.4.2}% 81
\BOOKMARK [3][-]{subsubsection.5.4.2.16}{\376\377\0005\000.\0004\000.\0002\000.\0001\0006\000\040\000T\000I\000M\0001\0004\000\137\000B\000A\000S\000E\000A\000D\000D\000R}{subsection.5.4.2}% 82
\BOOKMARK [3][-]{subsubsection.5.4.2.17}{\376\377\0005\000.\0004\000.\0002\000.\0001\0007\000\040\000T\000I\000M\0002\000\137\000B\000A\000S\000E\000A\000D\000D\000R}{subsection.5.4.2}% 83
\BOOKMARK [3][-]{subsubsection.5.4.2.18}{\376\377\0005\000.\0004\000.\0002\000.\0001\0008\000\040\000T\000I\000M\0003\000\137\000B\000A\000S\000E\000A\000D\000D\000R}{subsection.5.4.2}% 84
\BOOKMARK [3][-]{subsubsection.5.4.2.19}{\376\377\0005\000.\0004\000.\0002\000.\0001\0009\000\040\000T\000I\000M\0004\000\137\000B\000A\000S\000E\000A\000D\000D\000R}{subsection.5.4.2}% 85
\BOOKMARK [3][-]{subsubsection.5.4.2.20}{\376\377\0005\000.\0004\000.\0002\000.\0002\0000\000\040\000T\000I\000M\0005\000\137\000B\000A\000S\000E\000A\000D\000D\000R}{subsection.5.4.2}% 86
\BOOKMARK [3][-]{subsubsection.5.4.2.21}{\376\377\0005\000.\0004\000.\0002\000.\0002\0001\000\040\000T\000I\000M\0006\000\137\000B\000A\000S\000E\000A\000D\000D\000R}{subsection.5.4.2}% 87
\BOOKMARK [3][-]{subsubsection.5.4.2.22}{\376\377\0005\000.\0004\000.\0002\000.\0002\0002\000\040\000T\000I\000M\0007\000\137\000B\000A\000S\000E\000A\000D\000D\000R}{subsection.5.4.2}% 88
\BOOKMARK [3][-]{subsubsection.5.4.2.23}{\376\377\0005\000.\0004\000.\0002\000.\0002\0003\000\040\000U\000A\000R\000T\0004\000\137\000B\000A\000S\000E\000A\000D\000D\000R}{subsection.5.4.2}% 89
\BOOKMARK [3][-]{subsubsection.5.4.2.24}{\376\377\0005\000.\0004\000.\0002\000.\0002\0004\000\040\000U\000A\000R\000T\0005\000\137\000B\000A\000S\000E\000A\000D\000D\000R}{subsection.5.4.2}% 90
\BOOKMARK [3][-]{subsubsection.5.4.2.25}{\376\377\0005\000.\0004\000.\0002\000.\0002\0005\000\040\000U\000A\000R\000T\0007\000\137\000B\000A\000S\000E\000A\000D\000D\000R}{subsection.5.4.2}% 91
\BOOKMARK [3][-]{subsubsection.5.4.2.26}{\376\377\0005\000.\0004\000.\0002\000.\0002\0006\000\040\000U\000A\000R\000T\0008\000\137\000B\000A\000S\000E\000A\000D\000D\000R}{subsection.5.4.2}% 92
\BOOKMARK [3][-]{subsubsection.5.4.2.27}{\376\377\0005\000.\0004\000.\0002\000.\0002\0007\000\040\000U\000S\000A\000R\000T\0002\000\137\000B\000A\000S\000E\000A\000D\000D\000R}{subsection.5.4.2}% 93
\BOOKMARK [3][-]{subsubsection.5.4.2.28}{\376\377\0005\000.\0004\000.\0002\000.\0002\0008\000\040\000U\000S\000A\000R\000T\0003\000\137\000B\000A\000S\000E\000A\000D\000D\000R}{subsection.5.4.2}% 94
\BOOKMARK [3][-]{subsubsection.5.4.2.29}{\376\377\0005\000.\0004\000.\0002\000.\0002\0009\000\040\000W\000W\000D\000G\000\137\000B\000A\000S\000E\000A\000D\000D\000R}{subsection.5.4.2}% 95
\BOOKMARK [1][-]{section.5.5}{\376\377\0005\000.\0005\000\040\000A\000P\000B\0002\000\040\000B\000u\000s\000\040\000P\000e\000r\000i\000p\000h\000e\000r\000a\000l\000\040\000B\000a\000s\000e\000\040\000A\000d\000d\000r\000e\000s\000s\000e\000s\000\040}{chapter.5}% 96
\BOOKMARK [2][-]{subsection.5.5.1}{\376\377\0005\000.\0005\000.\0001\000\040\000D\000e\000t\000a\000i\000l\000e\000d\000\040\000D\000e\000s\000c\000r\000i\000p\000t\000i\000o\000n}{section.5.5}% 97
\BOOKMARK [2][-]{subsection.5.5.2}{\376\377\0005\000.\0005\000.\0002\000\040\000M\000a\000c\000r\000o\000\040\000D\000e\000f\000i\000n\000i\000t\000i\000o\000n\000\040\000D\000o\000c\000u\000m\000e\000n\000t\000a\000t\000i\000o\000n}{section.5.5}% 98
\BOOKMARK [3][-]{subsubsection.5.5.2.1}{\376\377\0005\000.\0005\000.\0002\000.\0001\000\040\000A\000D\000C\0001\0002\0003\000\137\000B\000A\000S\000E\000A\000D\000D\000R}{subsection.5.5.2}% 99
\BOOKMARK [3][-]{subsubsection.5.5.2.2}{\376\377\0005\000.\0005\000.\0002\000.\0002\000\040\000E\000X\000T\000I\000\137\000B\000A\000S\000E\000A\000D\000D\000R}{subsection.5.5.2}% 100
\BOOKMARK [3][-]{subsubsection.5.5.2.3}{\376\377\0005\000.\0005\000.\0002\000.\0003\000\040\000L\000C\000D\000\137\000T\000F\000T\000\137\000B\000A\000S\000E\000A\000D\000D\000R}{subsection.5.5.2}% 101
\BOOKMARK [3][-]{subsubsection.5.5.2.4}{\376\377\0005\000.\0005\000.\0002\000.\0004\000\040\000S\000A\000I\0001\000\137\000B\000A\000S\000E\000A\000D\000D\000R}{subsection.5.5.2}% 102
\BOOKMARK [3][-]{subsubsection.5.5.2.5}{\376\377\0005\000.\0005\000.\0002\000.\0005\000\040\000S\000D\000I\000O\000\137\000B\000A\000S\000E\000A\000D\000D\000R}{subsection.5.5.2}% 103
\BOOKMARK [3][-]{subsubsection.5.5.2.6}{\376\377\0005\000.\0005\000.\0002\000.\0006\000\040\000S\000P\000I\0001\000\137\000B\000A\000S\000E\000A\000D\000D\000R}{subsection.5.5.2}% 104
\BOOKMARK [3][-]{subsubsection.5.5.2.7}{\376\377\0005\000.\0005\000.\0002\000.\0007\000\040\000S\000P\000I\0004\000\137\000B\000A\000S\000E\000A\000D\000D\000R}{subsection.5.5.2}% 105
\BOOKMARK [3][-]{subsubsection.5.5.2.8}{\376\377\0005\000.\0005\000.\0002\000.\0008\000\040\000S\000P\000I\0005\000\137\000B\000A\000S\000E\000A\000D\000D\000R}{subsection.5.5.2}% 106
\BOOKMARK [3][-]{subsubsection.5.5.2.9}{\376\377\0005\000.\0005\000.\0002\000.\0009\000\040\000S\000P\000I\0006\000\137\000B\000A\000S\000E\000A\000D\000D\000R}{subsection.5.5.2}% 107
\BOOKMARK [3][-]{subsubsection.5.5.2.10}{\376\377\0005\000.\0005\000.\0002\000.\0001\0000\000\040\000S\000Y\000S\000C\000F\000G\000\137\000B\000A\000S\000E\000A\000D\000D\000R}{subsection.5.5.2}% 108
\BOOKMARK [3][-]{subsubsection.5.5.2.11}{\376\377\0005\000.\0005\000.\0002\000.\0001\0001\000\040\000T\000I\000M\0001\0000\000\137\000B\000A\000S\000E\000A\000D\000D\000R}{subsection.5.5.2}% 109
\BOOKMARK [3][-]{subsubsection.5.5.2.12}{\376\377\0005\000.\0005\000.\0002\000.\0001\0002\000\040\000T\000I\000M\0001\0001\000\137\000B\000A\000S\000E\000A\000D\000D\000R}{subsection.5.5.2}% 110
\BOOKMARK [3][-]{subsubsection.5.5.2.13}{\376\377\0005\000.\0005\000.\0002\000.\0001\0003\000\040\000T\000I\000M\0001\000\137\000B\000A\000S\000E\000A\000D\000D\000R}{subsection.5.5.2}% 111
\BOOKMARK [3][-]{subsubsection.5.5.2.14}{\376\377\0005\000.\0005\000.\0002\000.\0001\0004\000\040\000T\000I\000M\0008\000\137\000B\000A\000S\000E\000A\000D\000D\000R}{subsection.5.5.2}% 112
\BOOKMARK [3][-]{subsubsection.5.5.2.15}{\376\377\0005\000.\0005\000.\0002\000.\0001\0005\000\040\000T\000I\000M\0009\000\137\000B\000A\000S\000E\000A\000D\000D\000R}{subsection.5.5.2}% 113
\BOOKMARK [3][-]{subsubsection.5.5.2.16}{\376\377\0005\000.\0005\000.\0002\000.\0001\0006\000\040\000U\000S\000A\000R\000T\0001\000\137\000B\000A\000S\000E\000A\000D\000D\000R}{subsection.5.5.2}% 114
\BOOKMARK [3][-]{subsubsection.5.5.2.17}{\376\377\0005\000.\0005\000.\0002\000.\0001\0007\000\040\000U\000S\000A\000R\000T\0006\000\137\000B\000A\000S\000E\000A\000D\000D\000R}{subsection.5.5.2}% 115
\BOOKMARK [0][-]{chapter.6}{\376\377\0006\000\040\000D\000i\000r\000e\000c\000t\000o\000r\000y\000\040\000D\000o\000c\000u\000m\000e\000n\000t\000a\000t\000i\000o\000n}{}% 116
\BOOKMARK [1][-]{section.6.1}{\376\377\0006\000.\0001\000\040\000P\000r\000o\000j\000e\000c\000t\000s\000/\0000\0000\0000\000\137\000H\000e\000l\000l\000o\000\137\000W\000o\000r\000l\000d\000\040\000D\000i\000r\000e\000c\000t\000o\000r\000y\000\040\000R\000e\000f\000e\000r\000e\000n\000c\000e}{chapter.6}% 117
\BOOKMARK [1][-]{section.6.2}{\376\377\0006\000.\0002\000\040\000P\000r\000o\000j\000e\000c\000t\000s\000/\0000\0000\0001\000\137\000S\000T\000M\000\137\000C\000L\000O\000C\000K\000\137\000E\000N\000A\000B\000L\000E\000\040\000D\000i\000r\000e\000c\000t\000o\000r\000y\000\040\000R\000e\000f\000e\000r\000e\000n\000c\000e}{chapter.6}% 118
\BOOKMARK [1][-]{section.6.3}{\376\377\0006\000.\0003\000\040\000P\000r\000o\000j\000e\000c\000t\000s\000/\0000\0000\0002\000\137\000U\000s\000e\000r\000\137\000b\000u\000t\000t\000o\000n\000\137\000i\000n\000t\000e\000r\000r\000u\000p\000t\000\040\000D\000i\000r\000e\000c\000t\000o\000r\000y\000\040\000R\000e\000f\000e\000r\000e\000n\000c\000e}{chapter.6}% 119
\BOOKMARK [1][-]{section.6.4}{\376\377\0006\000.\0004\000\040\000D\000r\000i\000v\000e\000r\000\040\000D\000i\000r\000e\000c\000t\000o\000r\000y\000\040\000R\000e\000f\000e\000r\000e\000n\000c\000e}{chapter.6}% 120
\BOOKMARK [1][-]{section.6.5}{\376\377\0006\000.\0005\000\040\000D\000r\000i\000v\000e\000r\000/\000i\000n\000c\000\040\000D\000i\000r\000e\000c\000t\000o\000r\000y\000\040\000R\000e\000f\000e\000r\000e\000n\000c\000e}{chapter.6}% 121
\BOOKMARK [1][-]{section.6.6}{\376\377\0006\000.\0006\000\040\000P\000r\000o\000j\000e\000c\000t\000s\000\040\000D\000i\000r\000e\000c\000t\000o\000r\000y\000\040\000R\000e\000f\000e\000r\000e\000n\000c\000e}{chapter.6}% 122
\BOOKMARK [1][-]{section.6.7}{\376\377\0006\000.\0007\000\040\000P\000r\000o\000j\000e\000c\000t\000s\000/\0000\0000\0000\000\137\000H\000e\000l\000l\000o\000\137\000W\000o\000r\000l\000d\000/\000S\000r\000c\000\040\000D\000i\000r\000e\000c\000t\000o\000r\000y\000\040\000R\000e\000f\000e\000r\000e\000n\000c\000e}{chapter.6}% 123
\BOOKMARK [1][-]{section.6.8}{\376\377\0006\000.\0008\000\040\000P\000r\000o\000j\000e\000c\000t\000s\000/\0000\0000\0001\000\137\000S\000T\000M\000\137\000C\000L\000O\000C\000K\000\137\000E\000N\000A\000B\000L\000E\000/\000S\000r\000c\000\040\000D\000i\000r\000e\000c\000t\000o\000r\000y\000\040\000R\000e\000f\000e\000r\000e\000n\000c\000e}{chapter.6}% 124
\BOOKMARK [1][-]{section.6.9}{\376\377\0006\000.\0009\000\040\000P\000r\000o\000j\000e\000c\000t\000s\000/\0000\0000\0002\000\137\000U\000s\000e\000r\000\137\000b\000u\000t\000t\000o\000n\000\137\000i\000n\000t\000e\000r\000r\000u\000p\000t\000/\000S\000r\000c\000\040\000D\000i\000r\000e\000c\000t\000o\000r\000y\000\040\000R\000e\000f\000e\000r\000e\000n\000c\000e}{chapter.6}% 125
\BOOKMARK [0][-]{chapter.7}{\376\377\0007\000\040\000F\000i\000l\000e\000\040\000D\000o\000c\000u\000m\000e\000n\000t\000a\000t\000i\000o\000n}{}% 126
\BOOKMARK [1][-]{section.7.1}{\376\377\0007\000.\0001\000\040\000D\000r\000i\000v\000e\000r\000/\000i\000n\000c\000/\000s\000t\000m\0003\0002\000f\0004\0000\0007\000x\000x\000.\000h\000\040\000F\000i\000l\000e\000\040\000R\000e\000f\000e\000r\000e\000n\000c\000e}{chapter.7}% 127
\BOOKMARK [2][-]{subsection.7.1.1}{\376\377\0007\000.\0001\000.\0001\000\040\000D\000e\000t\000a\000i\000l\000e\000d\000\040\000D\000e\000s\000c\000r\000i\000p\000t\000i\000o\000n}{section.7.1}% 128
\BOOKMARK [1][-]{section.7.2}{\376\377\0007\000.\0002\000\040\000s\000t\000m\0003\0002\000f\0004\0000\0007\000x\000x\000.\000h}{chapter.7}% 129
\BOOKMARK [1][-]{section.7.3}{\376\377\0007\000.\0003\000\040\000P\000r\000o\000j\000e\000c\000t\000s\000/\0000\0000\0000\000\137\000H\000e\000l\000l\000o\000\137\000W\000o\000r\000l\000d\000/\000S\000r\000c\000/\000m\000a\000i\000n\000.\000c\000\040\000F\000i\000l\000e\000\040\000R\000e\000f\000e\000r\000e\000n\000c\000e}{chapter.7}% 130
\BOOKMARK [2][-]{subsection.7.3.1}{\376\377\0007\000.\0003\000.\0001\000\040\000D\000e\000t\000a\000i\000l\000e\000d\000\040\000D\000e\000s\000c\000r\000i\000p\000t\000i\000o\000n}{section.7.3}% 131
\BOOKMARK [2][-]{subsection.7.3.2}{\376\377\0007\000.\0003\000.\0002\000\040\000F\000u\000n\000c\000t\000i\000o\000n\000\040\000D\000o\000c\000u\000m\000e\000n\000t\000a\000t\000i\000o\000n}{section.7.3}% 132
\BOOKMARK [3][-]{subsubsection.7.3.2.1}{\376\377\0007\000.\0003\000.\0002\000.\0001\000\040\000m\000a\000i\000n\000\050\000\051}{subsection.7.3.2}% 133
\BOOKMARK [1][-]{section.7.4}{\376\377\0007\000.\0004\000\040\000m\000a\000i\000n\000.\000c}{chapter.7}% 134
\BOOKMARK [1][-]{section.7.5}{\376\377\0007\000.\0005\000\040\000P\000r\000o\000j\000e\000c\000t\000s\000/\0000\0000\0001\000\137\000S\000T\000M\000\137\000C\000L\000O\000C\000K\000\137\000E\000N\000A\000B\000L\000E\000/\000S\000r\000c\000/\000m\000a\000i\000n\000.\000c\000\040\000F\000i\000l\000e\000\040\000R\000e\000f\000e\000r\000e\000n\000c\000e}{chapter.7}% 135
\BOOKMARK [2][-]{subsection.7.5.1}{\376\377\0007\000.\0005\000.\0001\000\040\000D\000e\000t\000a\000i\000l\000e\000d\000\040\000D\000e\000s\000c\000r\000i\000p\000t\000i\000o\000n}{section.7.5}% 136
\BOOKMARK [2][-]{subsection.7.5.2}{\376\377\0007\000.\0005\000.\0002\000\040\000M\000a\000c\000r\000o\000\040\000D\000e\000f\000i\000n\000i\000t\000i\000o\000n\000\040\000D\000o\000c\000u\000m\000e\000n\000t\000a\000t\000i\000o\000n}{section.7.5}% 137
\BOOKMARK [3][-]{subsubsection.7.5.2.1}{\376\377\0007\000.\0005\000.\0002\000.\0001\000\040\000G\000P\000I\000O\000A\000\137\000A\000F\000R\000L\000\137\000A\000D\000D\000R\000E\000S\000S}{subsection.7.5.2}% 138
\BOOKMARK [3][-]{subsubsection.7.5.2.2}{\376\377\0007\000.\0005\000.\0002\000.\0002\000\040\000G\000P\000I\000O\000A\000\137\000B\000A\000S\000E\000\137\000A\000D\000D\000R\000E\000S\000S}{subsection.7.5.2}% 139
\BOOKMARK [3][-]{subsubsection.7.5.2.3}{\376\377\0007\000.\0005\000.\0002\000.\0003\000\040\000G\000P\000I\000O\000A\000\137\000M\000O\000D\000E\000R}{subsection.7.5.2}% 140
\BOOKMARK [3][-]{subsubsection.7.5.2.4}{\376\377\0007\000.\0005\000.\0002\000.\0004\000\040\000R\000C\000C\000\137\000A\000H\000B\0001\000E\000N\000R}{subsection.7.5.2}% 141
\BOOKMARK [3][-]{subsubsection.7.5.2.5}{\376\377\0007\000.\0005\000.\0002\000.\0005\000\040\000R\000C\000C\000\137\000B\000A\000S\000E\000\137\000A\000D\000D\000R\000E\000S\000S}{subsection.7.5.2}% 142
\BOOKMARK [3][-]{subsubsection.7.5.2.6}{\376\377\0007\000.\0005\000.\0002\000.\0006\000\040\000R\000C\000C\000\137\000C\000F\000G\000R}{subsection.7.5.2}% 143
\BOOKMARK [3][-]{subsubsection.7.5.2.7}{\376\377\0007\000.\0005\000.\0002\000.\0007\000\040\000R\000C\000C\000\137\000C\000R}{subsection.7.5.2}% 144
\BOOKMARK [2][-]{subsection.7.5.3}{\376\377\0007\000.\0005\000.\0003\000\040\000F\000u\000n\000c\000t\000i\000o\000n\000\040\000D\000o\000c\000u\000m\000e\000n\000t\000a\000t\000i\000o\000n}{section.7.5}% 145
\BOOKMARK [3][-]{subsubsection.7.5.3.1}{\376\377\0007\000.\0005\000.\0003\000.\0001\000\040\000m\000a\000i\000n\000\050\000\051}{subsection.7.5.3}% 146
\BOOKMARK [1][-]{section.7.6}{\376\377\0007\000.\0006\000\040\000m\000a\000i\000n\000.\000c}{chapter.7}% 147
\BOOKMARK [1][-]{section.7.7}{\376\377\0007\000.\0007\000\040\000P\000r\000o\000j\000e\000c\000t\000s\000/\0000\0000\0002\000\137\000U\000s\000e\000r\000\137\000b\000u\000t\000t\000o\000n\000\137\000i\000n\000t\000e\000r\000r\000u\000p\000t\000/\000S\000r\000c\000/\000m\000a\000i\000n\000.\000c\000\040\000F\000i\000l\000e\000\040\000R\000e\000f\000e\000r\000e\000n\000c\000e}{chapter.7}% 148
\BOOKMARK [2][-]{subsection.7.7.1}{\376\377\0007\000.\0007\000.\0001\000\040\000D\000e\000t\000a\000i\000l\000e\000d\000\040\000D\000e\000s\000c\000r\000i\000p\000t\000i\000o\000n}{section.7.7}% 149
\BOOKMARK [2][-]{subsection.7.7.2}{\376\377\0007\000.\0007\000.\0002\000\040\000M\000a\000c\000r\000o\000\040\000D\000e\000f\000i\000n\000i\000t\000i\000o\000n\000\040\000D\000o\000c\000u\000m\000e\000n\000t\000a\000t\000i\000o\000n}{section.7.7}% 150
\BOOKMARK [3][-]{subsubsection.7.7.2.1}{\376\377\0007\000.\0007\000.\0002\000.\0001\000\040\000E\000X\000T\000I\000\137\000B\000A\000S\000E\000\137\000A\000D\000D\000R\000E\000S\000S}{subsection.7.7.2}% 151
\BOOKMARK [3][-]{subsubsection.7.7.2.2}{\376\377\0007\000.\0007\000.\0002\000.\0002\000\040\000E\000X\000T\000I\000\137\000I\000M\000R}{subsection.7.7.2}% 152
\BOOKMARK [3][-]{subsubsection.7.7.2.3}{\376\377\0007\000.\0007\000.\0002\000.\0003\000\040\000E\000X\000T\000I\000\137\000P\000R}{subsection.7.7.2}% 153
\BOOKMARK [3][-]{subsubsection.7.7.2.4}{\376\377\0007\000.\0007\000.\0002\000.\0004\000\040\000E\000X\000T\000I\000\137\000R\000T\000S\000R}{subsection.7.7.2}% 154
\BOOKMARK [3][-]{subsubsection.7.7.2.5}{\376\377\0007\000.\0007\000.\0002\000.\0005\000\040\000G\000P\000I\000O\000A\000\137\000B\000A\000S\000E\000\137\000A\000D\000D\000R\000E\000S\000S}{subsection.7.7.2}% 155
\BOOKMARK [3][-]{subsubsection.7.7.2.6}{\376\377\0007\000.\0007\000.\0002\000.\0006\000\040\000G\000P\000I\000O\000A\000\137\000I\000D\000R}{subsection.7.7.2}% 156
\BOOKMARK [3][-]{subsubsection.7.7.2.7}{\376\377\0007\000.\0007\000.\0002\000.\0007\000\040\000G\000P\000I\000O\000A\000\137\000M\000O\000D\000E\000R}{subsection.7.7.2}% 157
\BOOKMARK [3][-]{subsubsection.7.7.2.8}{\376\377\0007\000.\0007\000.\0002\000.\0008\000\040\000G\000P\000I\000O\000A\000\137\000P\000U\000P\000D\000R}{subsection.7.7.2}% 158
\BOOKMARK [3][-]{subsubsection.7.7.2.9}{\376\377\0007\000.\0007\000.\0002\000.\0009\000\040\000G\000P\000I\000O\000D\000\137\000B\000A\000S\000E\000\137\000A\000D\000D\000R\000E\000S\000S}{subsection.7.7.2}% 159
\BOOKMARK [3][-]{subsubsection.7.7.2.10}{\376\377\0007\000.\0007\000.\0002\000.\0001\0000\000\040\000G\000P\000I\000O\000D\000\137\000M\000O\000D\000E\000R}{subsection.7.7.2}% 160
\BOOKMARK [3][-]{subsubsection.7.7.2.11}{\376\377\0007\000.\0007\000.\0002\000.\0001\0001\000\040\000G\000P\000I\000O\000D\000\137\000O\000D\000R}{subsection.7.7.2}% 161
\BOOKMARK [3][-]{subsubsection.7.7.2.12}{\376\377\0007\000.\0007\000.\0002\000.\0001\0002\000\040\000N\000V\000I\000C\000\137\000B\000A\000S\000E\000\137\000A\000D\000D\000R\000E\000S\000S}{subsection.7.7.2}% 162
\BOOKMARK [3][-]{subsubsection.7.7.2.13}{\376\377\0007\000.\0007\000.\0002\000.\0001\0003\000\040\000N\000V\000I\000C\000\137\000I\000S\000E\000R\0000}{subsection.7.7.2}% 163
\BOOKMARK [3][-]{subsubsection.7.7.2.14}{\376\377\0007\000.\0007\000.\0002\000.\0001\0004\000\040\000R\000C\000C\000\137\000A\000H\000B\0001\000E\000N\000R}{subsection.7.7.2}% 164
\BOOKMARK [3][-]{subsubsection.7.7.2.15}{\376\377\0007\000.\0007\000.\0002\000.\0001\0005\000\040\000R\000C\000C\000\137\000A\000P\000B\0002\000E\000N\000R}{subsection.7.7.2}% 165
\BOOKMARK [3][-]{subsubsection.7.7.2.16}{\376\377\0007\000.\0007\000.\0002\000.\0001\0006\000\040\000R\000C\000C\000\137\000B\000A\000S\000E\000\137\000A\000D\000D\000R\000E\000S\000S}{subsection.7.7.2}% 166
\BOOKMARK [3][-]{subsubsection.7.7.2.17}{\376\377\0007\000.\0007\000.\0002\000.\0001\0007\000\040\000S\000Y\000S\000C\000F\000G\000\137\000B\000A\000S\000E\000\137\000A\000D\000D\000R\000E\000S\000S}{subsection.7.7.2}% 167
\BOOKMARK [3][-]{subsubsection.7.7.2.18}{\376\377\0007\000.\0007\000.\0002\000.\0001\0008\000\040\000S\000Y\000S\000C\000F\000G\000\137\000E\000X\000T\000I\000C\000R\0001}{subsection.7.7.2}% 168
\BOOKMARK [2][-]{subsection.7.7.3}{\376\377\0007\000.\0007\000.\0003\000\040\000F\000u\000n\000c\000t\000i\000o\000n\000\040\000D\000o\000c\000u\000m\000e\000n\000t\000a\000t\000i\000o\000n}{section.7.7}% 169
\BOOKMARK [3][-]{subsubsection.7.7.3.1}{\376\377\0007\000.\0007\000.\0003\000.\0001\000\040\000E\000X\000T\000I\0000\000\137\000I\000R\000Q\000H\000a\000n\000d\000l\000e\000r\000\050\000\051}{subsection.7.7.3}% 170
\BOOKMARK [3][-]{subsubsection.7.7.3.2}{\376\377\0007\000.\0007\000.\0003\000.\0002\000\040\000m\000a\000i\000n\000\050\000\051}{subsection.7.7.3}% 171
\BOOKMARK [1][-]{section.7.8}{\376\377\0007\000.\0008\000\040\000m\000a\000i\000n\000.\000c}{chapter.7}% 172
\BOOKMARK [1][-]{section.7.9}{\376\377\0007\000.\0009\000\040\000P\000r\000o\000j\000e\000c\000t\000s\000/\0000\0000\0000\000\137\000H\000e\000l\000l\000o\000\137\000W\000o\000r\000l\000d\000/\000S\000r\000c\000/\000s\000y\000s\000c\000a\000l\000l\000s\000.\000c\000\040\000F\000i\000l\000e\000\040\000R\000e\000f\000e\000r\000e\000n\000c\000e}{chapter.7}% 173
\BOOKMARK [2][-]{subsection.7.9.1}{\376\377\0007\000.\0009\000.\0001\000\040\000D\000e\000t\000a\000i\000l\000e\000d\000\040\000D\000e\000s\000c\000r\000i\000p\000t\000i\000o\000n}{section.7.9}% 174
\BOOKMARK [2][-]{subsection.7.9.2}{\376\377\0007\000.\0009\000.\0002\000\040\000M\000a\000c\000r\000o\000\040\000D\000e\000f\000i\000n\000i\000t\000i\000o\000n\000\040\000D\000o\000c\000u\000m\000e\000n\000t\000a\000t\000i\000o\000n}{section.7.9}% 175
\BOOKMARK [3][-]{subsubsection.7.9.2.1}{\376\377\0007\000.\0009\000.\0002\000.\0001\000\040\000D\000E\000M\000C\000R}{subsection.7.9.2}% 176
\BOOKMARK [3][-]{subsubsection.7.9.2.2}{\376\377\0007\000.\0009\000.\0002\000.\0002\000\040\000I\000T\000M\000\137\000S\000T\000I\000M\000U\000L\000U\000S\000\137\000P\000O\000R\000T\0000}{subsection.7.9.2}% 177
\BOOKMARK [3][-]{subsubsection.7.9.2.3}{\376\377\0007\000.\0009\000.\0002\000.\0003\000\040\000I\000T\000M\000\137\000T\000R\000A\000C\000E\000\137\000E\000N}{subsection.7.9.2}% 178
\BOOKMARK [2][-]{subsection.7.9.3}{\376\377\0007\000.\0009\000.\0003\000\040\000F\000u\000n\000c\000t\000i\000o\000n\000\040\000D\000o\000c\000u\000m\000e\000n\000t\000a\000t\000i\000o\000n}{section.7.9}% 179
\BOOKMARK [3][-]{subsubsection.7.9.3.1}{\376\377\0007\000.\0009\000.\0003\000.\0001\000\040\000\137\000\137\000a\000t\000t\000r\000i\000b\000u\000t\000e\000\137\000\137\000\050\000\051}{subsection.7.9.3}% 180
\BOOKMARK [3][-]{subsubsection.7.9.3.2}{\376\377\0007\000.\0009\000.\0003\000.\0002\000\040\000\137\000\137\000i\000o\000\137\000g\000e\000t\000c\000h\000a\000r\000\050\000\051}{subsection.7.9.3}% 181
\BOOKMARK [3][-]{subsubsection.7.9.3.3}{\376\377\0007\000.\0009\000.\0003\000.\0003\000\040\000\137\000\137\000i\000o\000\137\000p\000u\000t\000c\000h\000a\000r\000\050\000\051}{subsection.7.9.3}% 182
\BOOKMARK [3][-]{subsubsection.7.9.3.4}{\376\377\0007\000.\0009\000.\0003\000.\0004\000\040\000\137\000c\000l\000o\000s\000e\000\050\000\051}{subsection.7.9.3}% 183
\BOOKMARK [3][-]{subsubsection.7.9.3.5}{\376\377\0007\000.\0009\000.\0003\000.\0005\000\040\000\137\000e\000x\000e\000c\000v\000e\000\050\000\051}{subsection.7.9.3}% 184
\BOOKMARK [3][-]{subsubsection.7.9.3.6}{\376\377\0007\000.\0009\000.\0003\000.\0006\000\040\000\137\000e\000x\000i\000t\000\050\000\051}{subsection.7.9.3}% 185
\BOOKMARK [3][-]{subsubsection.7.9.3.7}{\376\377\0007\000.\0009\000.\0003\000.\0007\000\040\000\137\000f\000o\000r\000k\000\050\000\051}{subsection.7.9.3}% 186
\BOOKMARK [3][-]{subsubsection.7.9.3.8}{\376\377\0007\000.\0009\000.\0003\000.\0008\000\040\000\137\000f\000s\000t\000a\000t\000\050\000\051}{subsection.7.9.3}% 187
\BOOKMARK [3][-]{subsubsection.7.9.3.9}{\376\377\0007\000.\0009\000.\0003\000.\0009\000\040\000\137\000g\000e\000t\000p\000i\000d\000\050\000\051}{subsection.7.9.3}% 188
\BOOKMARK [3][-]{subsubsection.7.9.3.10}{\376\377\0007\000.\0009\000.\0003\000.\0001\0000\000\040\000\137\000i\000s\000a\000t\000t\000y\000\050\000\051}{subsection.7.9.3}% 189
\BOOKMARK [3][-]{subsubsection.7.9.3.11}{\376\377\0007\000.\0009\000.\0003\000.\0001\0001\000\040\000\137\000k\000i\000l\000l\000\050\000\051}{subsection.7.9.3}% 190
\BOOKMARK [3][-]{subsubsection.7.9.3.12}{\376\377\0007\000.\0009\000.\0003\000.\0001\0002\000\040\000\137\000l\000i\000n\000k\000\050\000\051}{subsection.7.9.3}% 191
\BOOKMARK [3][-]{subsubsection.7.9.3.13}{\376\377\0007\000.\0009\000.\0003\000.\0001\0003\000\040\000\137\000l\000s\000e\000e\000k\000\050\000\051}{subsection.7.9.3}% 192
\BOOKMARK [3][-]{subsubsection.7.9.3.14}{\376\377\0007\000.\0009\000.\0003\000.\0001\0004\000\040\000\137\000o\000p\000e\000n\000\050\000\051}{subsection.7.9.3}% 193
\BOOKMARK [3][-]{subsubsection.7.9.3.15}{\376\377\0007\000.\0009\000.\0003\000.\0001\0005\000\040\000\137\000s\000t\000a\000t\000\050\000\051}{subsection.7.9.3}% 194
\BOOKMARK [3][-]{subsubsection.7.9.3.16}{\376\377\0007\000.\0009\000.\0003\000.\0001\0006\000\040\000\137\000t\000i\000m\000e\000s\000\050\000\051}{subsection.7.9.3}% 195
\BOOKMARK [3][-]{subsubsection.7.9.3.17}{\376\377\0007\000.\0009\000.\0003\000.\0001\0007\000\040\000\137\000u\000n\000l\000i\000n\000k\000\050\000\051}{subsection.7.9.3}% 196
\BOOKMARK [3][-]{subsubsection.7.9.3.18}{\376\377\0007\000.\0009\000.\0003\000.\0001\0008\000\040\000\137\000w\000a\000i\000t\000\050\000\051}{subsection.7.9.3}% 197
\BOOKMARK [3][-]{subsubsection.7.9.3.19}{\376\377\0007\000.\0009\000.\0003\000.\0001\0009\000\040\000i\000n\000i\000t\000i\000a\000l\000i\000s\000e\000\137\000m\000o\000n\000i\000t\000o\000r\000\137\000h\000a\000n\000d\000l\000e\000s\000\050\000\051}{subsection.7.9.3}% 198
\BOOKMARK [3][-]{subsubsection.7.9.3.20}{\376\377\0007\000.\0009\000.\0003\000.\0002\0000\000\040\000I\000T\000M\000\137\000S\000e\000n\000d\000C\000h\000a\000r\000\050\000\051}{subsection.7.9.3}% 199
\BOOKMARK [2][-]{subsection.7.9.4}{\376\377\0007\000.\0009\000.\0004\000\040\000V\000a\000r\000i\000a\000b\000l\000e\000\040\000D\000o\000c\000u\000m\000e\000n\000t\000a\000t\000i\000o\000n}{section.7.9}% 200
\BOOKMARK [3][-]{subsubsection.7.9.4.1}{\376\377\0007\000.\0009\000.\0004\000.\0001\000\040\000e\000n\000v\000i\000r\000o\000n}{subsection.7.9.4}% 201
\BOOKMARK [1][-]{section.7.10}{\376\377\0007\000.\0001\0000\000\040\000s\000y\000s\000c\000a\000l\000l\000s\000.\000c}{chapter.7}% 202
\BOOKMARK [1][-]{section.7.11}{\376\377\0007\000.\0001\0001\000\040\000P\000r\000o\000j\000e\000c\000t\000s\000/\0000\0000\0001\000\137\000S\000T\000M\000\137\000C\000L\000O\000C\000K\000\137\000E\000N\000A\000B\000L\000E\000/\000S\000r\000c\000/\000s\000y\000s\000c\000a\000l\000l\000s\000.\000c\000\040\000F\000i\000l\000e\000\040\000R\000e\000f\000e\000r\000e\000n\000c\000e}{chapter.7}% 203
\BOOKMARK [2][-]{subsection.7.11.1}{\376\377\0007\000.\0001\0001\000.\0001\000\040\000D\000e\000t\000a\000i\000l\000e\000d\000\040\000D\000e\000s\000c\000r\000i\000p\000t\000i\000o\000n}{section.7.11}% 204
\BOOKMARK [2][-]{subsection.7.11.2}{\376\377\0007\000.\0001\0001\000.\0002\000\040\000F\000u\000n\000c\000t\000i\000o\000n\000\040\000D\000o\000c\000u\000m\000e\000n\000t\000a\000t\000i\000o\000n}{section.7.11}% 205
\BOOKMARK [3][-]{subsubsection.7.11.2.1}{\376\377\0007\000.\0001\0001\000.\0002\000.\0001\000\040\000\137\000\137\000a\000t\000t\000r\000i\000b\000u\000t\000e\000\137\000\137\000\050\000\051}{subsection.7.11.2}% 206
\BOOKMARK [3][-]{subsubsection.7.11.2.2}{\376\377\0007\000.\0001\0001\000.\0002\000.\0002\000\040\000\137\000\137\000i\000o\000\137\000g\000e\000t\000c\000h\000a\000r\000\050\000\051}{subsection.7.11.2}% 207
\BOOKMARK [3][-]{subsubsection.7.11.2.3}{\376\377\0007\000.\0001\0001\000.\0002\000.\0003\000\040\000\137\000\137\000i\000o\000\137\000p\000u\000t\000c\000h\000a\000r\000\050\000\051}{subsection.7.11.2}% 208
\BOOKMARK [3][-]{subsubsection.7.11.2.4}{\376\377\0007\000.\0001\0001\000.\0002\000.\0004\000\040\000\137\000c\000l\000o\000s\000e\000\050\000\051}{subsection.7.11.2}% 209
\BOOKMARK [3][-]{subsubsection.7.11.2.5}{\376\377\0007\000.\0001\0001\000.\0002\000.\0005\000\040\000\137\000e\000x\000e\000c\000v\000e\000\050\000\051}{subsection.7.11.2}% 210
\BOOKMARK [3][-]{subsubsection.7.11.2.6}{\376\377\0007\000.\0001\0001\000.\0002\000.\0006\000\040\000\137\000e\000x\000i\000t\000\050\000\051}{subsection.7.11.2}% 211
\BOOKMARK [3][-]{subsubsection.7.11.2.7}{\376\377\0007\000.\0001\0001\000.\0002\000.\0007\000\040\000\137\000f\000o\000r\000k\000\050\000\051}{subsection.7.11.2}% 212
\BOOKMARK [3][-]{subsubsection.7.11.2.8}{\376\377\0007\000.\0001\0001\000.\0002\000.\0008\000\040\000\137\000f\000s\000t\000a\000t\000\050\000\051}{subsection.7.11.2}% 213
\BOOKMARK [3][-]{subsubsection.7.11.2.9}{\376\377\0007\000.\0001\0001\000.\0002\000.\0009\000\040\000\137\000g\000e\000t\000p\000i\000d\000\050\000\051}{subsection.7.11.2}% 214
\BOOKMARK [3][-]{subsubsection.7.11.2.10}{\376\377\0007\000.\0001\0001\000.\0002\000.\0001\0000\000\040\000\137\000i\000s\000a\000t\000t\000y\000\050\000\051}{subsection.7.11.2}% 215
\BOOKMARK [3][-]{subsubsection.7.11.2.11}{\376\377\0007\000.\0001\0001\000.\0002\000.\0001\0001\000\040\000\137\000k\000i\000l\000l\000\050\000\051}{subsection.7.11.2}% 216
\BOOKMARK [3][-]{subsubsection.7.11.2.12}{\376\377\0007\000.\0001\0001\000.\0002\000.\0001\0002\000\040\000\137\000l\000i\000n\000k\000\050\000\051}{subsection.7.11.2}% 217
\BOOKMARK [3][-]{subsubsection.7.11.2.13}{\376\377\0007\000.\0001\0001\000.\0002\000.\0001\0003\000\040\000\137\000l\000s\000e\000e\000k\000\050\000\051}{subsection.7.11.2}% 218
\BOOKMARK [3][-]{subsubsection.7.11.2.14}{\376\377\0007\000.\0001\0001\000.\0002\000.\0001\0004\000\040\000\137\000o\000p\000e\000n\000\050\000\051}{subsection.7.11.2}% 219
\BOOKMARK [3][-]{subsubsection.7.11.2.15}{\376\377\0007\000.\0001\0001\000.\0002\000.\0001\0005\000\040\000\137\000s\000t\000a\000t\000\050\000\051}{subsection.7.11.2}% 220
\BOOKMARK [3][-]{subsubsection.7.11.2.16}{\376\377\0007\000.\0001\0001\000.\0002\000.\0001\0006\000\040\000\137\000t\000i\000m\000e\000s\000\050\000\051}{subsection.7.11.2}% 221
\BOOKMARK [3][-]{subsubsection.7.11.2.17}{\376\377\0007\000.\0001\0001\000.\0002\000.\0001\0007\000\040\000\137\000u\000n\000l\000i\000n\000k\000\050\000\051}{subsection.7.11.2}% 222
\BOOKMARK [3][-]{subsubsection.7.11.2.18}{\376\377\0007\000.\0001\0001\000.\0002\000.\0001\0008\000\040\000\137\000w\000a\000i\000t\000\050\000\051}{subsection.7.11.2}% 223
\BOOKMARK [3][-]{subsubsection.7.11.2.19}{\376\377\0007\000.\0001\0001\000.\0002\000.\0001\0009\000\040\000i\000n\000i\000t\000i\000a\000l\000i\000s\000e\000\137\000m\000o\000n\000i\000t\000o\000r\000\137\000h\000a\000n\000d\000l\000e\000s\000\050\000\051}{subsection.7.11.2}% 224
\BOOKMARK [2][-]{subsection.7.11.3}{\376\377\0007\000.\0001\0001\000.\0003\000\040\000V\000a\000r\000i\000a\000b\000l\000e\000\040\000D\000o\000c\000u\000m\000e\000n\000t\000a\000t\000i\000o\000n}{section.7.11}% 225
\BOOKMARK [3][-]{subsubsection.7.11.3.1}{\376\377\0007\000.\0001\0001\000.\0003\000.\0001\000\040\000e\000n\000v\000i\000r\000o\000n}{subsection.7.11.3}% 226
\BOOKMARK [1][-]{section.7.12}{\376\377\0007\000.\0001\0002\000\040\000s\000y\000s\000c\000a\000l\000l\000s\000.\000c}{chapter.7}% 227
\BOOKMARK [1][-]{section.7.13}{\376\377\0007\000.\0001\0003\000\040\000P\000r\000o\000j\000e\000c\000t\000s\000/\0000\0000\0002\000\137\000U\000s\000e\000r\000\137\000b\000u\000t\000t\000o\000n\000\137\000i\000n\000t\000e\000r\000r\000u\000p\000t\000/\000S\000r\000c\000/\000s\000y\000s\000c\000a\000l\000l\000s\000.\000c\000\040\000F\000i\000l\000e\000\040\000R\000e\000f\000e\000r\000e\000n\000c\000e}{chapter.7}% 228
\BOOKMARK [2][-]{subsection.7.13.1}{\376\377\0007\000.\0001\0003\000.\0001\000\040\000D\000e\000t\000a\000i\000l\000e\000d\000\040\000D\000e\000s\000c\000r\000i\000p\000t\000i\000o\000n}{section.7.13}% 229
\BOOKMARK [2][-]{subsection.7.13.2}{\376\377\0007\000.\0001\0003\000.\0002\000\040\000M\000a\000c\000r\000o\000\040\000D\000e\000f\000i\000n\000i\000t\000i\000o\000n\000\040\000D\000o\000c\000u\000m\000e\000n\000t\000a\000t\000i\000o\000n}{section.7.13}% 230
\BOOKMARK [3][-]{subsubsection.7.13.2.1}{\376\377\0007\000.\0001\0003\000.\0002\000.\0001\000\040\000D\000E\000M\000C\000R}{subsection.7.13.2}% 231
\BOOKMARK [3][-]{subsubsection.7.13.2.2}{\376\377\0007\000.\0001\0003\000.\0002\000.\0002\000\040\000I\000T\000M\000\137\000S\000T\000I\000M\000U\000L\000U\000S\000\137\000P\000O\000R\000T\0000}{subsection.7.13.2}% 232
\BOOKMARK [3][-]{subsubsection.7.13.2.3}{\376\377\0007\000.\0001\0003\000.\0002\000.\0003\000\040\000I\000T\000M\000\137\000T\000R\000A\000C\000E\000\137\000E\000N}{subsection.7.13.2}% 233
\BOOKMARK [2][-]{subsection.7.13.3}{\376\377\0007\000.\0001\0003\000.\0003\000\040\000F\000u\000n\000c\000t\000i\000o\000n\000\040\000D\000o\000c\000u\000m\000e\000n\000t\000a\000t\000i\000o\000n}{section.7.13}% 234
\BOOKMARK [3][-]{subsubsection.7.13.3.1}{\376\377\0007\000.\0001\0003\000.\0003\000.\0001\000\040\000\137\000\137\000a\000t\000t\000r\000i\000b\000u\000t\000e\000\137\000\137\000\050\000\051}{subsection.7.13.3}% 235
\BOOKMARK [3][-]{subsubsection.7.13.3.2}{\376\377\0007\000.\0001\0003\000.\0003\000.\0002\000\040\000\137\000\137\000i\000o\000\137\000g\000e\000t\000c\000h\000a\000r\000\050\000\051}{subsection.7.13.3}% 236
\BOOKMARK [3][-]{subsubsection.7.13.3.3}{\376\377\0007\000.\0001\0003\000.\0003\000.\0003\000\040\000\137\000\137\000i\000o\000\137\000p\000u\000t\000c\000h\000a\000r\000\050\000\051}{subsection.7.13.3}% 237
\BOOKMARK [3][-]{subsubsection.7.13.3.4}{\376\377\0007\000.\0001\0003\000.\0003\000.\0004\000\040\000\137\000c\000l\000o\000s\000e\000\050\000\051}{subsection.7.13.3}% 238
\BOOKMARK [3][-]{subsubsection.7.13.3.5}{\376\377\0007\000.\0001\0003\000.\0003\000.\0005\000\040\000\137\000e\000x\000e\000c\000v\000e\000\050\000\051}{subsection.7.13.3}% 239
\BOOKMARK [3][-]{subsubsection.7.13.3.6}{\376\377\0007\000.\0001\0003\000.\0003\000.\0006\000\040\000\137\000e\000x\000i\000t\000\050\000\051}{subsection.7.13.3}% 240
\BOOKMARK [3][-]{subsubsection.7.13.3.7}{\376\377\0007\000.\0001\0003\000.\0003\000.\0007\000\040\000\137\000f\000o\000r\000k\000\050\000\051}{subsection.7.13.3}% 241
\BOOKMARK [3][-]{subsubsection.7.13.3.8}{\376\377\0007\000.\0001\0003\000.\0003\000.\0008\000\040\000\137\000f\000s\000t\000a\000t\000\050\000\051}{subsection.7.13.3}% 242
\BOOKMARK [3][-]{subsubsection.7.13.3.9}{\376\377\0007\000.\0001\0003\000.\0003\000.\0009\000\040\000\137\000g\000e\000t\000p\000i\000d\000\050\000\051}{subsection.7.13.3}% 243
\BOOKMARK [3][-]{subsubsection.7.13.3.10}{\376\377\0007\000.\0001\0003\000.\0003\000.\0001\0000\000\040\000\137\000i\000s\000a\000t\000t\000y\000\050\000\051}{subsection.7.13.3}% 244
\BOOKMARK [3][-]{subsubsection.7.13.3.11}{\376\377\0007\000.\0001\0003\000.\0003\000.\0001\0001\000\040\000\137\000k\000i\000l\000l\000\050\000\051}{subsection.7.13.3}% 245
\BOOKMARK [3][-]{subsubsection.7.13.3.12}{\376\377\0007\000.\0001\0003\000.\0003\000.\0001\0002\000\040\000\137\000l\000i\000n\000k\000\050\000\051}{subsection.7.13.3}% 246
\BOOKMARK [3][-]{subsubsection.7.13.3.13}{\376\377\0007\000.\0001\0003\000.\0003\000.\0001\0003\000\040\000\137\000l\000s\000e\000e\000k\000\050\000\051}{subsection.7.13.3}% 247
\BOOKMARK [3][-]{subsubsection.7.13.3.14}{\376\377\0007\000.\0001\0003\000.\0003\000.\0001\0004\000\040\000\137\000o\000p\000e\000n\000\050\000\051}{subsection.7.13.3}% 248
\BOOKMARK [3][-]{subsubsection.7.13.3.15}{\376\377\0007\000.\0001\0003\000.\0003\000.\0001\0005\000\040\000\137\000s\000t\000a\000t\000\050\000\051}{subsection.7.13.3}% 249
\BOOKMARK [3][-]{subsubsection.7.13.3.16}{\376\377\0007\000.\0001\0003\000.\0003\000.\0001\0006\000\040\000\137\000t\000i\000m\000e\000s\000\050\000\051}{subsection.7.13.3}% 250
\BOOKMARK [3][-]{subsubsection.7.13.3.17}{\376\377\0007\000.\0001\0003\000.\0003\000.\0001\0007\000\040\000\137\000u\000n\000l\000i\000n\000k\000\050\000\051}{subsection.7.13.3}% 251
\BOOKMARK [3][-]{subsubsection.7.13.3.18}{\376\377\0007\000.\0001\0003\000.\0003\000.\0001\0008\000\040\000\137\000w\000a\000i\000t\000\050\000\051}{subsection.7.13.3}% 252
\BOOKMARK [3][-]{subsubsection.7.13.3.19}{\376\377\0007\000.\0001\0003\000.\0003\000.\0001\0009\000\040\000i\000n\000i\000t\000i\000a\000l\000i\000s\000e\000\137\000m\000o\000n\000i\000t\000o\000r\000\137\000h\000a\000n\000d\000l\000e\000s\000\050\000\051}{subsection.7.13.3}% 253
\BOOKMARK [3][-]{subsubsection.7.13.3.20}{\376\377\0007\000.\0001\0003\000.\0003\000.\0002\0000\000\040\000I\000T\000M\000\137\000S\000e\000n\000d\000C\000h\000a\000r\000\050\000\051}{subsection.7.13.3}% 254
\BOOKMARK [2][-]{subsection.7.13.4}{\376\377\0007\000.\0001\0003\000.\0004\000\040\000V\000a\000r\000i\000a\000b\000l\000e\000\040\000D\000o\000c\000u\000m\000e\000n\000t\000a\000t\000i\000o\000n}{section.7.13}% 255
\BOOKMARK [3][-]{subsubsection.7.13.4.1}{\376\377\0007\000.\0001\0003\000.\0004\000.\0001\000\040\000e\000n\000v\000i\000r\000o\000n}{subsection.7.13.4}% 256
\BOOKMARK [1][-]{section.7.14}{\376\377\0007\000.\0001\0004\000\040\000s\000y\000s\000c\000a\000l\000l\000s\000.\000c}{chapter.7}% 257
\BOOKMARK [1][-]{section.7.15}{\376\377\0007\000.\0001\0005\000\040\000P\000r\000o\000j\000e\000c\000t\000s\000/\0000\0000\0000\000\137\000H\000e\000l\000l\000o\000\137\000W\000o\000r\000l\000d\000/\000S\000r\000c\000/\000s\000y\000s\000m\000e\000m\000.\000c\000\040\000F\000i\000l\000e\000\040\000R\000e\000f\000e\000r\000e\000n\000c\000e}{chapter.7}% 258
\BOOKMARK [2][-]{subsection.7.15.1}{\376\377\0007\000.\0001\0005\000.\0001\000\040\000D\000e\000t\000a\000i\000l\000e\000d\000\040\000D\000e\000s\000c\000r\000i\000p\000t\000i\000o\000n}{section.7.15}% 259
\BOOKMARK [2][-]{subsection.7.15.2}{\376\377\0007\000.\0001\0005\000.\0002\000\040\000F\000u\000n\000c\000t\000i\000o\000n\000\040\000D\000o\000c\000u\000m\000e\000n\000t\000a\000t\000i\000o\000n}{section.7.15}% 260
\BOOKMARK [3][-]{subsubsection.7.15.2.1}{\376\377\0007\000.\0001\0005\000.\0002\000.\0001\000\040\000\137\000s\000b\000r\000k\000\050\000\051}{subsection.7.15.2}% 261
\BOOKMARK [2][-]{subsection.7.15.3}{\376\377\0007\000.\0001\0005\000.\0003\000\040\000V\000a\000r\000i\000a\000b\000l\000e\000\040\000D\000o\000c\000u\000m\000e\000n\000t\000a\000t\000i\000o\000n}{section.7.15}% 262
\BOOKMARK [3][-]{subsubsection.7.15.3.1}{\376\377\0007\000.\0001\0005\000.\0003\000.\0001\000\040\000\137\000\137\000s\000b\000r\000k\000\137\000h\000e\000a\000p\000\137\000e\000n\000d}{subsection.7.15.3}% 263
\BOOKMARK [1][-]{section.7.16}{\376\377\0007\000.\0001\0006\000\040\000s\000y\000s\000m\000e\000m\000.\000c}{chapter.7}% 264
\BOOKMARK [1][-]{section.7.17}{\376\377\0007\000.\0001\0007\000\040\000P\000r\000o\000j\000e\000c\000t\000s\000/\0000\0000\0001\000\137\000S\000T\000M\000\137\000C\000L\000O\000C\000K\000\137\000E\000N\000A\000B\000L\000E\000/\000S\000r\000c\000/\000s\000y\000s\000m\000e\000m\000.\000c\000\040\000F\000i\000l\000e\000\040\000R\000e\000f\000e\000r\000e\000n\000c\000e}{chapter.7}% 265
\BOOKMARK [2][-]{subsection.7.17.1}{\376\377\0007\000.\0001\0007\000.\0001\000\040\000D\000e\000t\000a\000i\000l\000e\000d\000\040\000D\000e\000s\000c\000r\000i\000p\000t\000i\000o\000n}{section.7.17}% 266
\BOOKMARK [2][-]{subsection.7.17.2}{\376\377\0007\000.\0001\0007\000.\0002\000\040\000F\000u\000n\000c\000t\000i\000o\000n\000\040\000D\000o\000c\000u\000m\000e\000n\000t\000a\000t\000i\000o\000n}{section.7.17}% 267
\BOOKMARK [3][-]{subsubsection.7.17.2.1}{\376\377\0007\000.\0001\0007\000.\0002\000.\0001\000\040\000\137\000s\000b\000r\000k\000\050\000\051}{subsection.7.17.2}% 268
\BOOKMARK [2][-]{subsection.7.17.3}{\376\377\0007\000.\0001\0007\000.\0003\000\040\000V\000a\000r\000i\000a\000b\000l\000e\000\040\000D\000o\000c\000u\000m\000e\000n\000t\000a\000t\000i\000o\000n}{section.7.17}% 269
\BOOKMARK [3][-]{subsubsection.7.17.3.1}{\376\377\0007\000.\0001\0007\000.\0003\000.\0001\000\040\000\137\000\137\000s\000b\000r\000k\000\137\000h\000e\000a\000p\000\137\000e\000n\000d}{subsection.7.17.3}% 270
\BOOKMARK [1][-]{section.7.18}{\376\377\0007\000.\0001\0008\000\040\000s\000y\000s\000m\000e\000m\000.\000c}{chapter.7}% 271
\BOOKMARK [1][-]{section.7.19}{\376\377\0007\000.\0001\0009\000\040\000P\000r\000o\000j\000e\000c\000t\000s\000/\0000\0000\0002\000\137\000U\000s\000e\000r\000\137\000b\000u\000t\000t\000o\000n\000\137\000i\000n\000t\000e\000r\000r\000u\000p\000t\000/\000S\000r\000c\000/\000s\000y\000s\000m\000e\000m\000.\000c\000\040\000F\000i\000l\000e\000\040\000R\000e\000f\000e\000r\000e\000n\000c\000e}{chapter.7}% 272
\BOOKMARK [2][-]{subsection.7.19.1}{\376\377\0007\000.\0001\0009\000.\0001\000\040\000D\000e\000t\000a\000i\000l\000e\000d\000\040\000D\000e\000s\000c\000r\000i\000p\000t\000i\000o\000n}{section.7.19}% 273
\BOOKMARK [2][-]{subsection.7.19.2}{\376\377\0007\000.\0001\0009\000.\0002\000\040\000F\000u\000n\000c\000t\000i\000o\000n\000\040\000D\000o\000c\000u\000m\000e\000n\000t\000a\000t\000i\000o\000n}{section.7.19}% 274
\BOOKMARK [3][-]{subsubsection.7.19.2.1}{\376\377\0007\000.\0001\0009\000.\0002\000.\0001\000\040\000\137\000s\000b\000r\000k\000\050\000\051}{subsection.7.19.2}% 275
\BOOKMARK [2][-]{subsection.7.19.3}{\376\377\0007\000.\0001\0009\000.\0003\000\040\000V\000a\000r\000i\000a\000b\000l\000e\000\040\000D\000o\000c\000u\000m\000e\000n\000t\000a\000t\000i\000o\000n}{section.7.19}% 276
\BOOKMARK [3][-]{subsubsection.7.19.3.1}{\376\377\0007\000.\0001\0009\000.\0003\000.\0001\000\040\000\137\000\137\000s\000b\000r\000k\000\137\000h\000e\000a\000p\000\137\000e\000n\000d}{subsection.7.19.3}% 277
\BOOKMARK [1][-]{section.7.20}{\376\377\0007\000.\0002\0000\000\040\000s\000y\000s\000m\000e\000m\000.\000c}{chapter.7}% 278
\BOOKMARK [1][-]{section.7.21}{\376\377\0007\000.\0002\0001\000\040\000R\000E\000A\000D\000M\000E\000.\000m\000d\000\040\000F\000i\000l\000e\000\040\000R\000e\000f\000e\000r\000e\000n\000c\000e}{chapter.7}% 279
